<?xml version="1.0" encoding="UTF-8"?>
<!-- Generated by org.testng.reporters.JUnitReportReporter -->
<testsuite skipped="0" hostname="DEENAAADHWIK" name="com.crm.testcases.LoginPageTest" tests="2" failures="0" timestamp="26 Jan 2021 11:55:48 GMT" time="37.426" errors="0">
  <testcase name="checkTitle" time="12.249" classname="com.crm.testcases.LoginPageTest"/>
  <testcase name="login" time="25.177" classname="com.crm.testcases.LoginPageTest"/>
</testsuite> <!-- com.crm.testcases.LoginPageTest -->
